2018-06-07 17:25:53,061 INFO 载入数据......
2018-06-07 17:26:40,935 INFO 载入数据......
2018-06-07 17:26:40,954 DEBUG 载入完成,准备生成字典对象和统计文本数据...
2018-06-07 17:26:41,264 INFO 共有5029个文档
2018-06-07 17:26:41,347 INFO 词与序号对应关系已保存到/Users/apple/Desktop/毕业设计/processing/making/python-LDA-master/data/tmp/wordidmap.dat
2018-06-07 17:37:40,127 INFO 载入数据......
2018-06-07 17:37:40,149 DEBUG 载入完成,准备生成字典对象和统计文本数据...
2018-06-07 17:37:40,339 INFO 共有5029个文档
2018-06-07 17:37:40,385 INFO 词与序号对应关系已保存到/Users/apple/Desktop/毕业设计/processing/making/python-LDA-master/data/tmp/wordidmap.dat
2018-06-07 17:50:43,146 INFO 迭代完成。
2018-06-07 17:50:43,148 DEBUG 计算文章-主题分布
2018-06-07 17:50:43,184 DEBUG 计算词-主题分布
2018-06-07 17:50:43,189 DEBUG 保存模型
2018-06-07 17:50:43,190 INFO 文章-主题分布已保存到/Users/apple/Desktop/毕业设计/processing/making/python-LDA-master/data/tmp/model_theta.dat
2018-06-07 17:50:43,343 INFO 词-主题分布已保存到/Users/apple/Desktop/毕业设计/processing/making/python-LDA-master/data/tmp/model_phi.dat
2018-06-07 17:50:43,643 INFO 参数设置已保存到/Users/apple/Desktop/毕业设计/processing/making/python-LDA-master/data/tmp/model_parameter.dat
2018-06-07 17:50:43,649 INFO 主题topN词已保存到/Users/apple/Desktop/毕业设计/processing/making/python-LDA-master/data/tmp/model_twords.dat
2018-06-07 17:50:46,548 INFO 文章-词-主题分派结果已保存到/Users/apple/Desktop/毕业设计/processing/making/python-LDA-master/data/tmp/model_tassign.dat
2018-06-07 17:50:47,115 INFO 模型训练完成。
2018-06-07 18:00:11,406 INFO 载入数据......
2018-06-07 18:00:11,433 DEBUG 载入完成,准备生成字典对象和统计文本数据...
2018-06-07 18:00:11,634 INFO 共有5029个文档
2018-06-07 18:00:11,679 INFO 词与序号对应关系已保存到/Users/apple/Desktop/毕业设计/processing/making/python-LDA-master/data/tmp/wordidmap.dat
2018-06-07 19:21:37,742 INFO 迭代完成。
2018-06-07 19:21:37,794 DEBUG 计算文章-主题分布
2018-06-07 19:21:37,927 DEBUG 计算词-主题分布
2018-06-07 19:21:38,068 DEBUG 保存模型
2018-06-07 19:21:38,068 INFO 文章-主题分布已保存到/Users/apple/Desktop/毕业设计/processing/making/python-LDA-master/data/tmp/model_theta.dat
2018-06-07 19:21:40,445 INFO 词-主题分布已保存到/Users/apple/Desktop/毕业设计/processing/making/python-LDA-master/data/tmp/model_phi.dat
2018-06-07 19:21:49,585 INFO 参数设置已保存到/Users/apple/Desktop/毕业设计/processing/making/python-LDA-master/data/tmp/model_parameter.dat
2018-06-07 19:21:49,604 INFO 主题topN词已保存到/Users/apple/Desktop/毕业设计/processing/making/python-LDA-master/data/tmp/model_twords.dat
2018-06-07 19:23:21,323 INFO 文章-词-主题分派结果已保存到/Users/apple/Desktop/毕业设计/processing/making/python-LDA-master/data/tmp/model_tassign.dat
2018-06-07 19:23:21,998 INFO 模型训练完成。
